<?xml version="1.0" encoding="UTF-8"?>
<!-- Generated by org.testng.reporters.JUnitXMLReporter -->
<testsuite hostname="ATMECSBLRLT-104" ignored="0" name="Default test" tests="27" failures="0" timestamp="2022-05-04T10:05:22 IST" time="20.195" errors="0">
  <testcase name="CreateUserPost_16" time="4.421" classname="gorest.TestCases.GorestAPITests"/>
  <testcase name="CreateUserPost_WIthInvalidId_18" time="0.597" classname="gorest.TestCases.GorestAPITests"/>
  <testcase name="CreateUserPost_withMissingFields_19" time="0.701" classname="gorest.TestCases.GorestAPITests"/>
  <testcase name="CreateUserPost_withoutBearerToken_17" time="0.628" classname="gorest.TestCases.GorestAPITests"/>
  <testcase name="CreateUser_todo_POSTWithInavalidId_25" time="0.63" classname="gorest.TestCases.GorestAPITests"/>
  <testcase name="CreateUser_todo_POSTWithMissingField_27" time="0.738" classname="gorest.TestCases.GorestAPITests"/>
  <testcase name="CreateUser_todo_POSTWithoutBearerToken_26" time="0.541" classname="gorest.TestCases.GorestAPITests"/>
  <testcase name="CreateUser_todo_POST_24" time="0.729" classname="gorest.TestCases.GorestAPITests"/>
  <testcase name="Create_POSTCommentWithMissingFiled_23" time="0.562" classname="gorest.TestCases.GorestAPITests"/>
  <testcase name="Create_POSTComment_20" time="0.575" classname="gorest.TestCases.GorestAPITests"/>
  <testcase name="Create_POSTCommentwithInavlidId_21" time="0.641" classname="gorest.TestCases.GorestAPITests"/>
  <testcase name="Create_POSTCommentwithoutBearerToken_22" time="0.578" classname="gorest.TestCases.GorestAPITests"/>
  <testcase name="DELETE_UserDetailsWithoutBearertoken_15" time="0.575" classname="gorest.TestCases.GorestAPITests"/>
  <testcase name="DELETE_UserDetails_14" time="0.53" classname="gorest.TestCases.GorestAPITests"/>
  <testcase name="GET_USerDetailsById_05" time="0.63" classname="gorest.TestCases.GorestAPITests"/>
  <testcase name="GET_UserDetailsWithoutBearerToken_07" time="0.563" classname="gorest.TestCases.GorestAPITests"/>
  <testcase name="GET_UsrDeatailByInvalidId_06" time="0.67" classname="gorest.TestCases.GorestAPITests"/>
  <testcase name="PATCH_UpadateUserDeatils_11" time="0.606" classname="gorest.TestCases.GorestAPITests"/>
  <testcase name="PATCH_UpdateUserDetailsWithInvalidId_12" time="0.607" classname="gorest.TestCases.GorestAPITests"/>
  <testcase name="PATCH_UpdateUserDetailsWithoutBearerToken_13" time="0.462" classname="gorest.TestCases.GorestAPITests"/>
  <testcase name="POST_CreateNewUser_01" time="0.559" classname="gorest.TestCases.GorestAPITests"/>
  <testcase name="POST_SameEmail_02" time="0.63" classname="gorest.TestCases.GorestAPITests"/>
  <testcase name="POST_WIthWrongAuthenticationToken_04" time="0.569" classname="gorest.TestCases.GorestAPITests"/>
  <testcase name="POST_WithMissingField_03" time="0.631" classname="gorest.TestCases.GorestAPITests"/>
  <testcase name="PUT_UpadateUserDeatils_08" time="0.539" classname="gorest.TestCases.GorestAPITests"/>
  <testcase name="PUT_UpdateUserDetailsWithInvalidId_09" time="0.625" classname="gorest.TestCases.GorestAPITests"/>
  <testcase name="PUT_UpdateUserDetailsWithoutBearerToken_10" time="0.542" classname="gorest.TestCases.GorestAPITests"/>
</testsuite> <!-- Default test -->
