<?xml version="1.0" encoding="UTF-8"?>
<!-- Generated by org.testng.reporters.JUnitXMLReporter -->
<testsuite hostname="ATMECSBLRLT-104" ignored="0" name="Test" tests="27" failures="0" timestamp="2022-05-04T09:46:55 IST" time="28.534" errors="0">
  <testcase name="CreateUserPost_16" time="4.21" classname="gorest.TestCases.GorestAPITests"/>
  <testcase name="CreateUserPost_WIthInvalidId_18" time="0.577" classname="gorest.TestCases.GorestAPITests"/>
  <testcase name="CreateUserPost_withMissingFields_19" time="0.676" classname="gorest.TestCases.GorestAPITests"/>
  <testcase name="CreateUserPost_withoutBearerToken_17" time="0.685" classname="gorest.TestCases.GorestAPITests"/>
  <testcase name="CreateUser_todo_POSTWithInavalidId_25" time="0.713" classname="gorest.TestCases.GorestAPITests"/>
  <testcase name="CreateUser_todo_POSTWithMissingField_27" time="0.712" classname="gorest.TestCases.GorestAPITests"/>
  <testcase name="CreateUser_todo_POSTWithoutBearerToken_26" time="0.538" classname="gorest.TestCases.GorestAPITests"/>
  <testcase name="CreateUser_todo_POST_24" time="0.647" classname="gorest.TestCases.GorestAPITests"/>
  <testcase name="Create_POSTCommentWithMissingFiled_23" time="0.656" classname="gorest.TestCases.GorestAPITests"/>
  <testcase name="Create_POSTComment_20" time="0.669" classname="gorest.TestCases.GorestAPITests"/>
  <testcase name="Create_POSTCommentwithInavlidId_21" time="0.646" classname="gorest.TestCases.GorestAPITests"/>
  <testcase name="Create_POSTCommentwithoutBearerToken_22" time="0.712" classname="gorest.TestCases.GorestAPITests"/>
  <testcase name="DELETE_UserDetailsWithoutBearertoken_15" time="0.553" classname="gorest.TestCases.GorestAPITests"/>
  <testcase name="DELETE_UserDetails_14" time="0.992" classname="gorest.TestCases.GorestAPITests"/>
  <testcase name="GET_USerDetailsById_05" time="1.114" classname="gorest.TestCases.GorestAPITests"/>
  <testcase name="GET_UserDetailsWithoutBearerToken_07" time="0.602" classname="gorest.TestCases.GorestAPITests"/>
  <testcase name="GET_UsrDeatailByInvalidId_06" time="7.637" classname="gorest.TestCases.GorestAPITests"/>
  <testcase name="PATCH_UpadateUserDeatils_11" time="0.729" classname="gorest.TestCases.GorestAPITests"/>
  <testcase name="PATCH_UpdateUserDetailsWithInvalidId_12" time="0.824" classname="gorest.TestCases.GorestAPITests"/>
  <testcase name="PATCH_UpdateUserDetailsWithoutBearerToken_13" time="0.55" classname="gorest.TestCases.GorestAPITests"/>
  <testcase name="POST_CreateNewUser_01" time="0.551" classname="gorest.TestCases.GorestAPITests"/>
  <testcase name="POST_SameEmail_02" time="0.647" classname="gorest.TestCases.GorestAPITests"/>
  <testcase name="POST_WIthWrongAuthenticationToken_04" time="0.587" classname="gorest.TestCases.GorestAPITests"/>
  <testcase name="POST_WithMissingField_03" time="0.514" classname="gorest.TestCases.GorestAPITests"/>
  <testcase name="PUT_UpadateUserDeatils_08" time="0.504" classname="gorest.TestCases.GorestAPITests"/>
  <testcase name="PUT_UpdateUserDetailsWithInvalidId_09" time="0.634" classname="gorest.TestCases.GorestAPITests"/>
  <testcase name="PUT_UpdateUserDetailsWithoutBearerToken_10" time="0.518" classname="gorest.TestCases.GorestAPITests"/>
</testsuite> <!-- Test -->
