<?xml version="1.0" encoding="UTF-8"?>
<testng-results skipped="0" failed="0" ignored="0" total="27" passed="27">
  <reporter-output>
  </reporter-output>
  <suite name="Suite" duration-ms="28534" started-at="2022-05-04T09:46:27 IST" finished-at="2022-05-04T09:46:55 IST">
    <groups>
    </groups>
    <test name="Test" duration-ms="28534" started-at="2022-05-04T09:46:27 IST" finished-at="2022-05-04T09:46:55 IST">
      <class name="gorest.TestCases.GorestAPITests">
        <test-method status="PASS" signature="CreateUserPost_16()[pri:0, instance:gorest.TestCases.GorestAPITests@12cdcf4]" name="CreateUserPost_16" duration-ms="4210" started-at="2022-05-04T09:46:27 IST" finished-at="2022-05-04T09:46:31 IST">
          <reporter-output>
          </reporter-output>
        </test-method> <!-- CreateUserPost_16 -->
        <test-method status="PASS" signature="CreateUserPost_WIthInvalidId_18()[pri:0, instance:gorest.TestCases.GorestAPITests@12cdcf4]" name="CreateUserPost_WIthInvalidId_18" duration-ms="577" started-at="2022-05-04T09:46:31 IST" finished-at="2022-05-04T09:46:32 IST">
          <reporter-output>
          </reporter-output>
        </test-method> <!-- CreateUserPost_WIthInvalidId_18 -->
        <test-method status="PASS" signature="CreateUserPost_withMissingFields_19()[pri:0, instance:gorest.TestCases.GorestAPITests@12cdcf4]" name="CreateUserPost_withMissingFields_19" duration-ms="676" started-at="2022-05-04T09:46:32 IST" finished-at="2022-05-04T09:46:32 IST">
          <reporter-output>
          </reporter-output>
        </test-method> <!-- CreateUserPost_withMissingFields_19 -->
        <test-method status="PASS" signature="CreateUserPost_withoutBearerToken_17()[pri:0, instance:gorest.TestCases.GorestAPITests@12cdcf4]" name="CreateUserPost_withoutBearerToken_17" duration-ms="685" started-at="2022-05-04T09:46:32 IST" finished-at="2022-05-04T09:46:33 IST">
          <reporter-output>
          </reporter-output>
        </test-method> <!-- CreateUserPost_withoutBearerToken_17 -->
        <test-method status="PASS" signature="CreateUser_todo_POSTWithInavalidId_25()[pri:0, instance:gorest.TestCases.GorestAPITests@12cdcf4]" name="CreateUser_todo_POSTWithInavalidId_25" duration-ms="713" started-at="2022-05-04T09:46:33 IST" finished-at="2022-05-04T09:46:34 IST">
          <reporter-output>
          </reporter-output>
        </test-method> <!-- CreateUser_todo_POSTWithInavalidId_25 -->
        <test-method status="PASS" signature="CreateUser_todo_POSTWithMissingField_27()[pri:0, instance:gorest.TestCases.GorestAPITests@12cdcf4]" name="CreateUser_todo_POSTWithMissingField_27" duration-ms="712" started-at="2022-05-04T09:46:34 IST" finished-at="2022-05-04T09:46:34 IST">
          <reporter-output>
          </reporter-output>
        </test-method> <!-- CreateUser_todo_POSTWithMissingField_27 -->
        <test-method status="PASS" signature="CreateUser_todo_POSTWithoutBearerToken_26()[pri:0, instance:gorest.TestCases.GorestAPITests@12cdcf4]" name="CreateUser_todo_POSTWithoutBearerToken_26" duration-ms="538" started-at="2022-05-04T09:46:34 IST" finished-at="2022-05-04T09:46:35 IST">
          <reporter-output>
          </reporter-output>
        </test-method> <!-- CreateUser_todo_POSTWithoutBearerToken_26 -->
        <test-method status="PASS" signature="CreateUser_todo_POST_24()[pri:0, instance:gorest.TestCases.GorestAPITests@12cdcf4]" name="CreateUser_todo_POST_24" duration-ms="647" started-at="2022-05-04T09:46:35 IST" finished-at="2022-05-04T09:46:36 IST">
          <reporter-output>
          </reporter-output>
        </test-method> <!-- CreateUser_todo_POST_24 -->
        <test-method status="PASS" signature="Create_POSTCommentWithMissingFiled_23()[pri:0, instance:gorest.TestCases.GorestAPITests@12cdcf4]" name="Create_POSTCommentWithMissingFiled_23" duration-ms="656" started-at="2022-05-04T09:46:36 IST" finished-at="2022-05-04T09:46:36 IST">
          <reporter-output>
          </reporter-output>
        </test-method> <!-- Create_POSTCommentWithMissingFiled_23 -->
        <test-method status="PASS" signature="Create_POSTComment_20()[pri:0, instance:gorest.TestCases.GorestAPITests@12cdcf4]" name="Create_POSTComment_20" duration-ms="669" started-at="2022-05-04T09:46:36 IST" finished-at="2022-05-04T09:46:37 IST">
          <reporter-output>
          </reporter-output>
        </test-method> <!-- Create_POSTComment_20 -->
        <test-method status="PASS" signature="Create_POSTCommentwithInavlidId_21()[pri:0, instance:gorest.TestCases.GorestAPITests@12cdcf4]" name="Create_POSTCommentwithInavlidId_21" duration-ms="646" started-at="2022-05-04T09:46:37 IST" finished-at="2022-05-04T09:46:38 IST">
          <reporter-output>
          </reporter-output>
        </test-method> <!-- Create_POSTCommentwithInavlidId_21 -->
        <test-method status="PASS" signature="Create_POSTCommentwithoutBearerToken_22()[pri:0, instance:gorest.TestCases.GorestAPITests@12cdcf4]" name="Create_POSTCommentwithoutBearerToken_22" duration-ms="712" started-at="2022-05-04T09:46:38 IST" finished-at="2022-05-04T09:46:38 IST">
          <reporter-output>
          </reporter-output>
        </test-method> <!-- Create_POSTCommentwithoutBearerToken_22 -->
        <test-method status="PASS" signature="DELETE_UserDetailsWithoutBearertoken_15()[pri:0, instance:gorest.TestCases.GorestAPITests@12cdcf4]" name="DELETE_UserDetailsWithoutBearertoken_15" duration-ms="553" started-at="2022-05-04T09:46:38 IST" finished-at="2022-05-04T09:46:39 IST">
          <reporter-output>
          </reporter-output>
        </test-method> <!-- DELETE_UserDetailsWithoutBearertoken_15 -->
        <test-method status="PASS" signature="DELETE_UserDetails_14()[pri:0, instance:gorest.TestCases.GorestAPITests@12cdcf4]" name="DELETE_UserDetails_14" duration-ms="992" started-at="2022-05-04T09:46:39 IST" finished-at="2022-05-04T09:46:40 IST">
          <reporter-output>
          </reporter-output>
        </test-method> <!-- DELETE_UserDetails_14 -->
        <test-method status="PASS" signature="GET_USerDetailsById_05()[pri:0, instance:gorest.TestCases.GorestAPITests@12cdcf4]" name="GET_USerDetailsById_05" duration-ms="1114" started-at="2022-05-04T09:46:40 IST" finished-at="2022-05-04T09:46:41 IST">
          <reporter-output>
          </reporter-output>
        </test-method> <!-- GET_USerDetailsById_05 -->
        <test-method status="PASS" signature="GET_UserDetailsWithoutBearerToken_07()[pri:0, instance:gorest.TestCases.GorestAPITests@12cdcf4]" name="GET_UserDetailsWithoutBearerToken_07" duration-ms="602" started-at="2022-05-04T09:46:41 IST" finished-at="2022-05-04T09:46:42 IST">
          <reporter-output>
          </reporter-output>
        </test-method> <!-- GET_UserDetailsWithoutBearerToken_07 -->
        <test-method status="PASS" signature="GET_UsrDeatailByInvalidId_06()[pri:0, instance:gorest.TestCases.GorestAPITests@12cdcf4]" name="GET_UsrDeatailByInvalidId_06" duration-ms="7637" started-at="2022-05-04T09:46:42 IST" finished-at="2022-05-04T09:46:49 IST">
          <reporter-output>
          </reporter-output>
        </test-method> <!-- GET_UsrDeatailByInvalidId_06 -->
        <test-method status="PASS" signature="PATCH_UpadateUserDeatils_11()[pri:0, instance:gorest.TestCases.GorestAPITests@12cdcf4]" name="PATCH_UpadateUserDeatils_11" duration-ms="729" started-at="2022-05-04T09:46:49 IST" finished-at="2022-05-04T09:46:50 IST">
          <reporter-output>
          </reporter-output>
        </test-method> <!-- PATCH_UpadateUserDeatils_11 -->
        <test-method status="PASS" signature="PATCH_UpdateUserDetailsWithInvalidId_12()[pri:0, instance:gorest.TestCases.GorestAPITests@12cdcf4]" name="PATCH_UpdateUserDetailsWithInvalidId_12" duration-ms="824" started-at="2022-05-04T09:46:50 IST" finished-at="2022-05-04T09:46:51 IST">
          <reporter-output>
          </reporter-output>
        </test-method> <!-- PATCH_UpdateUserDetailsWithInvalidId_12 -->
        <test-method status="PASS" signature="PATCH_UpdateUserDetailsWithoutBearerToken_13()[pri:0, instance:gorest.TestCases.GorestAPITests@12cdcf4]" name="PATCH_UpdateUserDetailsWithoutBearerToken_13" duration-ms="550" started-at="2022-05-04T09:46:51 IST" finished-at="2022-05-04T09:46:51 IST">
          <reporter-output>
          </reporter-output>
        </test-method> <!-- PATCH_UpdateUserDetailsWithoutBearerToken_13 -->
        <test-method status="PASS" signature="POST_CreateNewUser_01()[pri:0, instance:gorest.TestCases.GorestAPITests@12cdcf4]" name="POST_CreateNewUser_01" duration-ms="551" started-at="2022-05-04T09:46:51 IST" finished-at="2022-05-04T09:46:52 IST">
          <reporter-output>
          </reporter-output>
        </test-method> <!-- POST_CreateNewUser_01 -->
        <test-method status="PASS" signature="POST_SameEmail_02()[pri:0, instance:gorest.TestCases.GorestAPITests@12cdcf4]" name="POST_SameEmail_02" duration-ms="647" started-at="2022-05-04T09:46:52 IST" finished-at="2022-05-04T09:46:53 IST">
          <reporter-output>
          </reporter-output>
        </test-method> <!-- POST_SameEmail_02 -->
        <test-method status="PASS" signature="POST_WIthWrongAuthenticationToken_04()[pri:0, instance:gorest.TestCases.GorestAPITests@12cdcf4]" name="POST_WIthWrongAuthenticationToken_04" duration-ms="587" started-at="2022-05-04T09:46:53 IST" finished-at="2022-05-04T09:46:53 IST">
          <reporter-output>
          </reporter-output>
        </test-method> <!-- POST_WIthWrongAuthenticationToken_04 -->
        <test-method status="PASS" signature="POST_WithMissingField_03()[pri:0, instance:gorest.TestCases.GorestAPITests@12cdcf4]" name="POST_WithMissingField_03" duration-ms="514" started-at="2022-05-04T09:46:53 IST" finished-at="2022-05-04T09:46:54 IST">
          <reporter-output>
          </reporter-output>
        </test-method> <!-- POST_WithMissingField_03 -->
        <test-method status="PASS" signature="PUT_UpadateUserDeatils_08()[pri:0, instance:gorest.TestCases.GorestAPITests@12cdcf4]" name="PUT_UpadateUserDeatils_08" duration-ms="504" started-at="2022-05-04T09:46:54 IST" finished-at="2022-05-04T09:46:54 IST">
          <reporter-output>
          </reporter-output>
        </test-method> <!-- PUT_UpadateUserDeatils_08 -->
        <test-method status="PASS" signature="PUT_UpdateUserDetailsWithInvalidId_09()[pri:0, instance:gorest.TestCases.GorestAPITests@12cdcf4]" name="PUT_UpdateUserDetailsWithInvalidId_09" duration-ms="634" started-at="2022-05-04T09:46:54 IST" finished-at="2022-05-04T09:46:55 IST">
          <reporter-output>
          </reporter-output>
        </test-method> <!-- PUT_UpdateUserDetailsWithInvalidId_09 -->
        <test-method status="PASS" signature="PUT_UpdateUserDetailsWithoutBearerToken_10()[pri:0, instance:gorest.TestCases.GorestAPITests@12cdcf4]" name="PUT_UpdateUserDetailsWithoutBearerToken_10" duration-ms="518" started-at="2022-05-04T09:46:55 IST" finished-at="2022-05-04T09:46:55 IST">
          <reporter-output>
          </reporter-output>
        </test-method> <!-- PUT_UpdateUserDetailsWithoutBearerToken_10 -->
      </class> <!-- gorest.TestCases.GorestAPITests -->
    </test> <!-- Test -->
  </suite> <!-- Suite -->
</testng-results>
